<?xml version="1.0" encoding="UTF-8"?>
<coverage generated="1550379473263" clover="3.2.0">
  <project timestamp="1550379473263" name="All files">
    <metrics statements="38" coveredstatements="35" conditionals="26" coveredconditionals="21" methods="6" coveredmethods="5" elements="70" coveredelements="61" complexity="0" loc="38" ncloc="38" packages="1" files="2" classes="2">
      <file name="add.js" path="/Users/Connor/codeFellows/401/mathLab/lib/add.js">
        <metrics statements="32" coveredstatements="29" conditionals="20" coveredconditionals="15" methods="5" coveredmethods="4"/>
        <line num="3" count="1" type="stmt"/>
        <line num="5" count="1" type="stmt"/>
        <line num="6" count="3" type="cond" truecount="2" falsecount="0"/>
        <line num="7" count="2" type="stmt"/>
        <line num="8" count="2" type="stmt"/>
        <line num="9" count="12" type="stmt"/>
        <line num="10" count="12" type="cond" truecount="2" falsecount="0"/>
        <line num="14" count="1" type="stmt"/>
        <line num="15" count="3" type="cond" truecount="2" falsecount="0"/>
        <line num="16" count="2" type="stmt"/>
        <line num="17" count="2" type="stmt"/>
        <line num="18" count="11" type="stmt"/>
        <line num="19" count="11" type="cond" truecount="2" falsecount="0"/>
        <line num="20" count="2" type="stmt"/>
        <line num="25" count="1" type="stmt"/>
        <line num="26" count="2" type="cond" truecount="1" falsecount="1"/>
        <line num="27" count="2" type="stmt"/>
        <line num="28" count="2" type="cond" truecount="1" falsecount="1"/>
        <line num="29" count="2" type="stmt"/>
        <line num="30" count="11" type="stmt"/>
        <line num="31" count="11" type="stmt"/>
        <line num="32" count="11" type="cond" truecount="2" falsecount="0"/>
        <line num="36" count="1" type="stmt"/>
        <line num="37" count="0" type="cond" truecount="0" falsecount="2"/>
        <line num="38" count="0" type="stmt"/>
        <line num="41" count="1" type="stmt"/>
        <line num="42" count="8" type="cond" truecount="2" falsecount="0"/>
        <line num="43" count="6" type="stmt"/>
        <line num="44" count="38" type="cond" truecount="1" falsecount="1"/>
        <line num="45" count="0" type="stmt"/>
        <line num="48" count="6" type="stmt"/>
        <line num="50" count="2" type="stmt"/>
      </file>
      <file name="greet.js" path="/Users/Connor/codeFellows/401/mathLab/lib/greet.js">
        <metrics statements="6" coveredstatements="6" conditionals="6" coveredconditionals="6" methods="1" coveredmethods="1"/>
        <line num="3" count="1" type="stmt"/>
        <line num="5" count="1" type="stmt"/>
        <line num="6" count="5" type="cond" truecount="6" falsecount="0"/>
        <line num="7" count="2" type="stmt"/>
        <line num="9" count="3" type="stmt"/>
        <line num="12" count="1" type="stmt"/>
      </file>
    </metrics>
  </project>
</coverage>
