{"/Users/Connor/codeFellows/401/mathLab/lib/add.js": {"path":"/Users/Connor/codeFellows/401/mathLab/lib/add.js","statementMap":{"0":{"start":{"line":3,"column":17},"end":{"line":3,"column":34}},"1":{"start":{"line":5,"column":0},"end":{"line":12,"column":2}},"2":{"start":{"line":6,"column":2},"end":{"line":6,"column":33}},"3":{"start":{"line":6,"column":21},"end":{"line":6,"column":33}},"4":{"start":{"line":7,"column":10},"end":{"line":7,"column":11}},"5":{"start":{"line":8,"column":2},"end":{"line":11,"column":3}},"6":{"start":{"line":9,"column":4},"end":{"line":9,"column":20}},"7":{"start":{"line":10,"column":4},"end":{"line":10,"column":36}},"8":{"start":{"line":10,"column":25},"end":{"line":10,"column":36}},"9":{"start":{"line":14,"column":0},"end":{"line":23,"column":2}},"10":{"start":{"line":15,"column":2},"end":{"line":15,"column":33}},"11":{"start":{"line":15,"column":21},"end":{"line":15,"column":33}},"12":{"start":{"line":16,"column":13},"end":{"line":16,"column":25}},"13":{"start":{"line":17,"column":2},"end":{"line":22,"column":3}},"14":{"start":{"line":18,"column":4},"end":{"line":18,"column":23}},"15":{"start":{"line":19,"column":4},"end":{"line":21,"column":5}},"16":{"start":{"line":20,"column":6},"end":{"line":20,"column":18}},"17":{"start":{"line":25,"column":0},"end":{"line":34,"column":2}},"18":{"start":{"line":26,"column":2},"end":{"line":26,"column":33}},"19":{"start":{"line":26,"column":21},"end":{"line":26,"column":33}},"20":{"start":{"line":27,"column":14},"end":{"line":27,"column":26}},"21":{"start":{"line":28,"column":2},"end":{"line":28,"column":37}},"22":{"start":{"line":28,"column":22},"end":{"line":28,"column":37}},"23":{"start":{"line":29,"column":2},"end":{"line":33,"column":3}},"24":{"start":{"line":30,"column":4},"end":{"line":30,"column":33}},"25":{"start":{"line":31,"column":4},"end":{"line":31,"column":26}},"26":{"start":{"line":32,"column":4},"end":{"line":32,"column":40}},"27":{"start":{"line":32,"column":25},"end":{"line":32,"column":40}},"28":{"start":{"line":36,"column":0},"end":{"line":39,"column":2}},"29":{"start":{"line":37,"column":2},"end":{"line":37,"column":33}},"30":{"start":{"line":37,"column":21},"end":{"line":37,"column":33}},"31":{"start":{"line":38,"column":14},"end":{"line":38,"column":26}},"32":{"start":{"line":41,"column":12},"end":{"line":52,"column":1}},"33":{"start":{"line":42,"column":2},"end":{"line":51,"column":3}},"34":{"start":{"line":43,"column":4},"end":{"line":47,"column":5}},"35":{"start":{"line":44,"column":6},"end":{"line":46,"column":7}},"36":{"start":{"line":45,"column":8},"end":{"line":45,"column":21}},"37":{"start":{"line":48,"column":4},"end":{"line":48,"column":16}},"38":{"start":{"line":50,"column":4},"end":{"line":50,"column":17}}},"fnMap":{"0":{"name":"(anonymous_0)","decl":{"start":{"line":5,"column":18},"end":{"line":5,"column":19}},"loc":{"start":{"line":5,"column":32},"end":{"line":12,"column":1}},"line":5},"1":{"name":"(anonymous_1)","decl":{"start":{"line":14,"column":22},"end":{"line":14,"column":23}},"loc":{"start":{"line":14,"column":36},"end":{"line":23,"column":1}},"line":14},"2":{"name":"(anonymous_2)","decl":{"start":{"line":25,"column":20},"end":{"line":25,"column":21}},"loc":{"start":{"line":25,"column":34},"end":{"line":34,"column":1}},"line":25},"3":{"name":"(anonymous_3)","decl":{"start":{"line":36,"column":18},"end":{"line":36,"column":19}},"loc":{"start":{"line":36,"column":32},"end":{"line":39,"column":1}},"line":36},"4":{"name":"(anonymous_4)","decl":{"start":{"line":41,"column":12},"end":{"line":41,"column":13}},"loc":{"start":{"line":41,"column":27},"end":{"line":52,"column":1}},"line":41}},"branchMap":{"0":{"loc":{"start":{"line":6,"column":2},"end":{"line":6,"column":33}},"type":"if","locations":[{"start":{"line":6,"column":2},"end":{"line":6,"column":33}},{"start":{"line":6,"column":2},"end":{"line":6,"column":33}}],"line":6},"1":{"loc":{"start":{"line":10,"column":4},"end":{"line":10,"column":36}},"type":"if","locations":[{"start":{"line":10,"column":4},"end":{"line":10,"column":36}},{"start":{"line":10,"column":4},"end":{"line":10,"column":36}}],"line":10},"2":{"loc":{"start":{"line":15,"column":2},"end":{"line":15,"column":33}},"type":"if","locations":[{"start":{"line":15,"column":2},"end":{"line":15,"column":33}},{"start":{"line":15,"column":2},"end":{"line":15,"column":33}}],"line":15},"3":{"loc":{"start":{"line":19,"column":4},"end":{"line":21,"column":5}},"type":"if","locations":[{"start":{"line":19,"column":4},"end":{"line":21,"column":5}},{"start":{"line":19,"column":4},"end":{"line":21,"column":5}}],"line":19},"4":{"loc":{"start":{"line":26,"column":2},"end":{"line":26,"column":33}},"type":"if","locations":[{"start":{"line":26,"column":2},"end":{"line":26,"column":33}},{"start":{"line":26,"column":2},"end":{"line":26,"column":33}}],"line":26},"5":{"loc":{"start":{"line":28,"column":2},"end":{"line":28,"column":37}},"type":"if","locations":[{"start":{"line":28,"column":2},"end":{"line":28,"column":37}},{"start":{"line":28,"column":2},"end":{"line":28,"column":37}}],"line":28},"6":{"loc":{"start":{"line":32,"column":4},"end":{"line":32,"column":40}},"type":"if","locations":[{"start":{"line":32,"column":4},"end":{"line":32,"column":40}},{"start":{"line":32,"column":4},"end":{"line":32,"column":40}}],"line":32},"7":{"loc":{"start":{"line":37,"column":2},"end":{"line":37,"column":33}},"type":"if","locations":[{"start":{"line":37,"column":2},"end":{"line":37,"column":33}},{"start":{"line":37,"column":2},"end":{"line":37,"column":33}}],"line":37},"8":{"loc":{"start":{"line":42,"column":2},"end":{"line":51,"column":3}},"type":"if","locations":[{"start":{"line":42,"column":2},"end":{"line":51,"column":3}},{"start":{"line":42,"column":2},"end":{"line":51,"column":3}}],"line":42},"9":{"loc":{"start":{"line":44,"column":6},"end":{"line":46,"column":7}},"type":"if","locations":[{"start":{"line":44,"column":6},"end":{"line":46,"column":7}},{"start":{"line":44,"column":6},"end":{"line":46,"column":7}}],"line":44}},"s":{"0":1,"1":1,"2":3,"3":1,"4":2,"5":2,"6":12,"7":12,"8":2,"9":1,"10":3,"11":1,"12":2,"13":2,"14":11,"15":11,"16":2,"17":1,"18":2,"19":0,"20":2,"21":2,"22":0,"23":2,"24":11,"25":11,"26":11,"27":2,"28":1,"29":0,"30":0,"31":0,"32":1,"33":8,"34":6,"35":38,"36":0,"37":6,"38":2},"f":{"0":3,"1":3,"2":2,"3":0,"4":8},"b":{"0":[1,2],"1":[2,10],"2":[1,2],"3":[2,9],"4":[0,2],"5":[0,2],"6":[2,9],"7":[0,0],"8":[6,2],"9":[0,38]},"_coverageSchema":"332fd63041d2c1bcb487cc26dd0d5f7d97098a6c","hash":"64083170dee68f4eededad3b52e0faae895dc134"}
,"/Users/Connor/codeFellows/401/mathLab/lib/greet.js": {"path":"/Users/Connor/codeFellows/401/mathLab/lib/greet.js","statementMap":{"0":{"start":{"line":3,"column":6},"end":{"line":3,"column":23}},"1":{"start":{"line":5,"column":0},"end":{"line":11,"column":2}},"2":{"start":{"line":6,"column":2},"end":{"line":10,"column":3}},"3":{"start":{"line":7,"column":4},"end":{"line":7,"column":29}},"4":{"start":{"line":9,"column":4},"end":{"line":9,"column":16}},"5":{"start":{"line":12,"column":0},"end":{"line":12,"column":16}}},"fnMap":{"0":{"name":"(anonymous_0)","decl":{"start":{"line":5,"column":10},"end":{"line":5,"column":11}},"loc":{"start":{"line":5,"column":24},"end":{"line":11,"column":1}},"line":5}},"branchMap":{"0":{"loc":{"start":{"line":6,"column":2},"end":{"line":10,"column":3}},"type":"if","locations":[{"start":{"line":6,"column":2},"end":{"line":10,"column":3}},{"start":{"line":6,"column":2},"end":{"line":10,"column":3}}],"line":6},"1":{"loc":{"start":{"line":6,"column":5},"end":{"line":6,"column":77}},"type":"binary-expr","locations":[{"start":{"line":6,"column":5},"end":{"line":6,"column":9}},{"start":{"line":6,"column":13},"end":{"line":6,"column":37}},{"start":{"line":6,"column":41},"end":{"line":6,"column":63}},{"start":{"line":6,"column":68},"end":{"line":6,"column":77}}],"line":6}},"s":{"0":1,"1":1,"2":5,"3":2,"4":3,"5":1},"f":{"0":5},"b":{"0":[2,3],"1":[5,3,1,2]},"_coverageSchema":"332fd63041d2c1bcb487cc26dd0d5f7d97098a6c","hash":"9f9492a58da601b4484c44260b96488ba8f2ccfe"}
}
