TN:
SF:/Users/Connor/codeFellows/401/mathLab/lib/add.js
FN:5,(anonymous_0)
FN:14,(anonymous_1)
FN:25,(anonymous_2)
FN:36,(anonymous_3)
FN:41,(anonymous_4)
FNF:5
FNH:4
FNDA:3,(anonymous_0)
FNDA:3,(anonymous_1)
FNDA:2,(anonymous_2)
FNDA:0,(anonymous_3)
FNDA:8,(anonymous_4)
DA:3,1
DA:5,1
DA:6,3
DA:7,2
DA:8,2
DA:9,12
DA:10,12
DA:14,1
DA:15,3
DA:16,2
DA:17,2
DA:18,11
DA:19,11
DA:20,2
DA:25,1
DA:26,2
DA:27,2
DA:28,2
DA:29,2
DA:30,11
DA:31,11
DA:32,11
DA:36,1
DA:37,0
DA:38,0
DA:41,1
DA:42,8
DA:43,6
DA:44,38
DA:45,0
DA:48,6
DA:50,2
LF:32
LH:29
BRDA:6,0,0,1
BRDA:6,0,1,2
BRDA:10,1,0,2
BRDA:10,1,1,10
BRDA:15,2,0,1
BRDA:15,2,1,2
BRDA:19,3,0,2
BRDA:19,3,1,9
BRDA:26,4,0,0
BRDA:26,4,1,2
BRDA:28,5,0,0
BRDA:28,5,1,2
BRDA:32,6,0,2
BRDA:32,6,1,9
BRDA:37,7,0,0
BRDA:37,7,1,0
BRDA:42,8,0,6
BRDA:42,8,1,2
BRDA:44,9,0,0
BRDA:44,9,1,38
BRF:20
BRH:15
end_of_record
TN:
SF:/Users/Connor/codeFellows/401/mathLab/lib/greet.js
FN:5,(anonymous_0)
FNF:1
FNH:1
FNDA:5,(anonymous_0)
DA:3,1
DA:5,1
DA:6,5
DA:7,2
DA:9,3
DA:12,1
LF:6
LH:6
BRDA:6,0,0,2
BRDA:6,0,1,3
BRDA:6,1,0,5
BRDA:6,1,1,3
BRDA:6,1,2,1
BRDA:6,1,3,2
BRF:6
BRH:6
end_of_record
